# JRE version: OpenJDK Runtime Environment (8.0_151-b12) (build 1.8.0_151-8u151-b12-0ubuntu0.16.04.2-b12)
# Java VM: OpenJDK 64-Bit Server VM (25.151-b12 mixed mode linux-amd64 compressed oops)
Heap:
 PSYoungGen      total 130048K, used 32K [0x00000000ebe00000, 0x00000000f4200000, 0x0000000100000000)
  eden space 126464K, 0% used [0x00000000ebe00000,0x00000000ebe00000,0x00000000f3980000)
  from space 3584K, 0% used [0x00000000f3980000,0x00000000f3988000,0x00000000f3d00000)
  to   space 3072K, 0% used [0x00000000f3d00000,0x00000000f3d00000,0x00000000f4000000)
 ParOldGen       total 42496K, used 2397K [0x00000000c3a00000, 0x00000000c6380000, 0x00000000ebe00000)
  object space 42496K, 5% used [0x00000000c3a00000,0x00000000c3c577f8,0x00000000c6380000)
 Metaspace       used 15699K, capacity 15918K, committed 16256K, reserved 1062912K
  class space    used 2014K, capacity 2123K, committed 2176K, reserved 1048576K
GC Heap History (10 events):
Event: 11.641 GC heap after
Heap after GC invocations=4 (full 0):
 PSYoungGen      total 34304K, used 2313K [0x00000000ebe00000, 0x00000000ee200000, 0x0000000100000000)
  eden space 31744K, 0% used [0x00000000ebe00000,0x00000000ebe00000,0x00000000edd00000)
  from space 2560K, 90% used [0x00000000edf80000,0x00000000ee1c2788,0x00000000ee200000)
  to   space 2560K, 0% used [0x00000000edd00000,0x00000000edd00000,0x00000000edf80000)
 ParOldGen       total 42496K, used 64K [0x00000000c3a00000, 0x00000000c6380000, 0x00000000ebe00000)
  object space 42496K, 0% used [0x00000000c3a00000,0x00000000c3a10000,0x00000000c6380000)
 Metaspace       used 15684K, capacity 15918K, committed 16256K, reserved 1062912K
  class space    used 2014K, capacity 2123K, committed 2176K, reserved 1048576K
}
Event: 11.750 GC heap before
{Heap before GC invocations=5 (full 0):
 PSYoungGen      total 34304K, used 34057K [0x00000000ebe00000, 0x00000000ee200000, 0x0000000100000000)
  eden space 31744K, 100% used [0x00000000ebe00000,0x00000000edd00000,0x00000000edd00000)
  from space 2560K, 90% used [0x00000000edf80000,0x00000000ee1c2788,0x00000000ee200000)
  to   space 2560K, 0% used [0x00000000edd00000,0x00000000edd00000,0x00000000edf80000)
 ParOldGen       total 42496K, used 64K [0x00000000c3a00000, 0x00000000c6380000, 0x00000000ebe00000)
  object space 42496K, 0% used [0x00000000c3a00000,0x00000000c3a10000,0x00000000c6380000)
 Metaspace       used 15684K, capacity 15918K, committed 16256K, reserved 1062912K
  class space    used 2014K, capacity 2123K, committed 2176K, reserved 1048576K
Event: 11.769 GC heap after
Heap after GC invocations=5 (full 0):
 PSYoungGen      total 34304K, used 2361K [0x00000000ebe00000, 0x00000000f0200000, 0x0000000100000000)
  eden space 31744K, 0% used [0x00000000ebe00000,0x00000000ebe00000,0x00000000edd00000)
  from space 2560K, 92% used [0x00000000edd00000,0x00000000edf4e778,0x00000000edf80000)
  to   space 3072K, 0% used [0x00000000eff00000,0x00000000eff00000,0x00000000f0200000)
 ParOldGen       total 42496K, used 64K [0x00000000c3a00000, 0x00000000c6380000, 0x00000000ebe00000)
  object space 42496K, 0% used [0x00000000c3a00000,0x00000000c3a10000,0x00000000c6380000)
 Metaspace       used 15684K, capacity 15918K, committed 16256K, reserved 1062912K
  class space    used 2014K, capacity 2123K, committed 2176K, reserved 1048576K
}
Event: 11.852 GC heap before
{Heap before GC invocations=6 (full 0):
 PSYoungGen      total 34304K, used 34105K [0x00000000ebe00000, 0x00000000f0200000, 0x0000000100000000)
  eden space 31744K, 100% used [0x00000000ebe00000,0x00000000edd00000,0x00000000edd00000)
  from space 2560K, 92% used [0x00000000edd00000,0x00000000edf4e778,0x00000000edf80000)
  to   space 3072K, 0% used [0x00000000eff00000,0x00000000eff00000,0x00000000f0200000)
 ParOldGen       total 42496K, used 64K [0x00000000c3a00000, 0x00000000c6380000, 0x00000000ebe00000)
  object space 42496K, 0% used [0x00000000c3a00000,0x00000000c3a10000,0x00000000c6380000)
 Metaspace       used 15690K, capacity 15918K, committed 16256K, reserved 1062912K
  class space    used 2014K, capacity 2123K, committed 2176K, reserved 1048576K
Event: 11.862 GC heap after
Heap after GC invocations=6 (full 0):
 PSYoungGen      total 66048K, used 2329K [0x00000000ebe00000, 0x00000000f0180000, 0x0000000100000000)
  eden space 63488K, 0% used [0x00000000ebe00000,0x00000000ebe00000,0x00000000efc00000)
  from space 2560K, 91% used [0x00000000eff00000,0x00000000f0146778,0x00000000f0180000)
  to   space 2560K, 0% used [0x00000000efc80000,0x00000000efc80000,0x00000000eff00000)
 ParOldGen       total 42496K, used 72K [0x00000000c3a00000, 0x00000000c6380000, 0x00000000ebe00000)
  object space 42496K, 0% used [0x00000000c3a00000,0x00000000c3a12000,0x00000000c6380000)
 Metaspace       used 15690K, capacity 15918K, committed 16256K, reserved 1062912K
  class space    used 2014K, capacity 2123K, committed 2176K, reserved 1048576K
}
Event: 12.142 GC heap before
{Heap before GC invocations=7 (full 0):
 PSYoungGen      total 66048K, used 65817K [0x00000000ebe00000, 0x00000000f0180000, 0x0000000100000000)
  eden space 63488K, 100% used [0x00000000ebe00000,0x00000000efc00000,0x00000000efc00000)
  from space 2560K, 91% used [0x00000000eff00000,0x00000000f0146778,0x00000000f0180000)
  to   space 2560K, 0% used [0x00000000efc80000,0x00000000efc80000,0x00000000eff00000)
 ParOldGen       total 42496K, used 72K [0x00000000c3a00000, 0x00000000c6380000, 0x00000000ebe00000)
  object space 42496K, 0% used [0x00000000c3a00000,0x00000000c3a12000,0x00000000c6380000)
 Metaspace       used 15691K, capacity 15918K, committed 16256K, reserved 1062912K
  class space    used 2014K, capacity 2123K, committed 2176K, reserved 1048576K
Event: 12.165 GC heap after
Heap after GC invocations=7 (full 0):
 PSYoungGen      total 66560K, used 32K [0x00000000ebe00000, 0x00000000f4000000, 0x0000000100000000)
  eden space 64000K, 0% used [0x00000000ebe00000,0x00000000ebe00000,0x00000000efc80000)
  from space 2560K, 1% used [0x00000000efc80000,0x00000000efc88000,0x00000000eff00000)
  to   space 3072K, 0% used [0x00000000f3d00000,0x00000000f3d00000,0x00000000f4000000)
 ParOldGen       total 42496K, used 2381K [0x00000000c3a00000, 0x00000000c6380000, 0x00000000ebe00000)
  object space 42496K, 5% used [0x00000000c3a00000,0x00000000c3c537f8,0x00000000c6380000)
 Metaspace       used 15691K, capacity 15918K, committed 16256K, reserved 1062912K
  class space    used 2014K, capacity 2123K, committed 2176K, reserved 1048576K
}
Event: 12.286 GC heap before
{Heap before GC invocations=8 (full 0):
 PSYoungGen      total 66560K, used 64032K [0x00000000ebe00000, 0x00000000f4000000, 0x0000000100000000)
  eden space 64000K, 100% used [0x00000000ebe00000,0x00000000efc80000,0x00000000efc80000)
  from space 2560K, 1% used [0x00000000efc80000,0x00000000efc88000,0x00000000eff00000)
  to   space 3072K, 0% used [0x00000000f3d00000,0x00000000f3d00000,0x00000000f4000000)
 ParOldGen       total 42496K, used 2381K [0x00000000c3a00000, 0x00000000c6380000, 0x00000000ebe00000)
  object space 42496K, 5% used [0x00000000c3a00000,0x00000000c3c537f8,0x00000000c6380000)
 Metaspace       used 15698K, capacity 15918K, committed 16256K, reserved 1062912K
  class space    used 2014K, capacity 2123K, committed 2176K, reserved 1048576K
Event: 12.288 GC heap after
Heap after GC invocations=8 (full 0):
 PSYoungGen      total 129536K, used 32K [0x00000000ebe00000, 0x00000000f4200000, 0x0000000100000000)
  eden space 126464K, 0% used [0x00000000ebe00000,0x00000000ebe00000,0x00000000f3980000)
  from space 3072K, 1% used [0x00000000f3d00000,0x00000000f3d08000,0x00000000f4000000)
  to   space 3584K, 0% used [0x00000000f3980000,0x00000000f3980000,0x00000000f3d00000)
 ParOldGen       total 42496K, used 2389K [0x00000000c3a00000, 0x00000000c6380000, 0x00000000ebe00000)
  object space 42496K, 5% used [0x00000000c3a00000,0x00000000c3c557f8,0x00000000c6380000)
 Metaspace       used 15698K, capacity 15918K, committed 16256K, reserved 1062912K
  class space    used 2014K, capacity 2123K, committed 2176K, reserved 1048576K
}
Event: 12.615 GC heap before
{Heap before GC invocations=9 (full 0):
 PSYoungGen      total 129536K, used 126496K [0x00000000ebe00000, 0x00000000f4200000, 0x0000000100000000)
  eden space 126464K, 100% used [0x00000000ebe00000,0x00000000f3980000,0x00000000f3980000)
  from space 3072K, 1% used [0x00000000f3d00000,0x00000000f3d08000,0x00000000f4000000)
  to   space 3584K, 0% used [0x00000000f3980000,0x00000000f3980000,0x00000000f3d00000)
 ParOldGen       total 42496K, used 2389K [0x00000000c3a00000, 0x00000000c6380000, 0x00000000ebe00000)
  object space 42496K, 5% used [0x00000000c3a00000,0x00000000c3c557f8,0x00000000c6380000)
 Metaspace       used 15699K, capacity 15918K, committed 16256K, reserved 1062912K
  class space    used 2014K, capacity 2123K, committed 2176K, reserved 1048576K

